Arguments: 
  /usr/bin/node /usr/bin/yarn install

PATH: 
  /usr/local/sbin:/usr/local/bin:/usr/sbin:/usr/bin:/sbin:/bin:/usr/games:/usr/local/games:/snap/bin

Yarn version: 
  1.22.10

Node version: 
  16.0.0

Platform: 
  linux x64

Trace: 
  Error: EACCES: permission denied, unlink '/home/mircea/Documents/Personal/Work/Talky/server/node_modules/.yarn-integrity'

npm manifest: 
  {
    "name": "api",
    "version": "1.0.0",
    "description": "",
    "private": "true",
    "scripts": {
      "start": "concurrently \"tsc -w\" \"nodemon dist/server/index.js\""
    },
    "author": "",
    "license": "ISC",
    "dependencies": {
      "concurrently": "^6.0.2",
      "@types/node": "^14.14.31",
      "crypto": "^1.0.1",
      "express": "^4.17.1",
      "jsonwebtoken": "^8.5.1",
      "mongoose": "^5.11.18",
      "morgan": "^1.10.0",
      "nodemon": "^2.0.7",
      "socket.io": "^3.1.2",
      "ts-node": "^9.1.1",
      "typescript": "^4.2.4"
    }
  }

yarn manifest: 
  No manifest

Lockfile: 
  No lockfile
